<?xml version="1.0" encoding="UTF-8"?>
<testng-results skipped="0" failed="0" total="2" passed="2">
  <reporter-output>
  </reporter-output>
  <suite name="Default suite" duration-ms="187" started-at="2018-05-16T14:53:35Z" finished-at="2018-05-16T14:53:35Z">
    <groups>
    </groups>
    <test name="Default test" duration-ms="187" started-at="2018-05-16T14:53:35Z" finished-at="2018-05-16T14:53:35Z">
      <class name="com.bbc.MavenTest.HelloWorld">
        <test-method status="PASS" signature="Test1(java.lang.String, java.lang.String)[pri:0, instance:com.bbc.MavenTest.HelloWorld@685cb137]" name="Test1" duration-ms="47" started-at="2018-05-16T22:53:35Z" data-provider="login" finished-at="2018-05-16T22:53:35Z">
          <params>
            <param index="0">
              <value>
                <![CDATA[user1]]>
              </value>
            </param>
            <param index="1">
              <value>
                <![CDATA[pwd1]]>
              </value>
            </param>
          </params>
          <reporter-output>
          </reporter-output>
        </test-method> <!-- Test1 -->
        <test-method status="PASS" signature="Test1(java.lang.String, java.lang.String)[pri:0, instance:com.bbc.MavenTest.HelloWorld@685cb137]" name="Test1" duration-ms="31" started-at="2018-05-16T22:53:35Z" data-provider="login" finished-at="2018-05-16T22:53:35Z">
          <params>
            <param index="0">
              <value>
                <![CDATA[user2]]>
              </value>
            </param>
            <param index="1">
              <value>
                <![CDATA[pwd2]]>
              </value>
            </param>
          </params>
          <reporter-output>
          </reporter-output>
        </test-method> <!-- Test1 -->
      </class> <!-- com.bbc.MavenTest.HelloWorld -->
    </test> <!-- Default test -->
  </suite> <!-- Default suite -->
</testng-results>
